<?xml version="1.0" encoding="UTF-8"?>
<!-- Generated by org.testng.reporters.JUnitXMLReporter -->
<testsuite ignored="0" hostname="DESKTOP-P90V53U" failures="1" tests="5" name="POMTest" time="100.231" errors="0" timestamp="2024-02-20T15:38:44 PST">
  <testcase classname="com.tekarch.POM.automationTests.AutomationScriptsLogInTest" name="forgotPassword4a" time="13.322"/>
  <testcase classname="com.tekarch.POM.automationTests.AutomationScriptsLogInTest" name="forgotPassword4b" time="12.67"/>
  <testcase classname="com.tekarch.POM.automationTests.AutomationScriptsLogInTest" name="loginErrorMessage1" time="12.621"/>
  <testcase classname="com.tekarch.POM.automationTests.AutomationScriptsLogInTest" name="loginSalesforce2" time="20.147"/>
  <testcase classname="com.tekarch.POM.automationTests.AutomationScriptsLogInTest" name="rememberMe3" time="23.214">
    <failure type="java.lang.AssertionError" message="expected [valli@boxfree.com] but found []">
      <![CDATA[java.lang.AssertionError: expected [valli@boxfree.com] but found []
at com.tekarch.POM.automationTests.AutomationScriptsLogInTest.rememberMe3(AutomationScriptsLogInTest.java:93)
at java.base/java.util.ArrayList.forEach(ArrayList.java:1511)
... Removed 33 stack frames]]>
    </failure>
  </testcase> <!-- rememberMe3 -->
</testsuite> <!-- POMTest -->
