<?xml version="1.0" encoding="UTF-8"?>
<!-- Generated by org.testng.reporters.JUnitXMLReporter -->
<testsuite ignored="0" hostname="DESKTOP-P90V53U" failures="0" tests="5" name="RegressionTest" time="17.662" errors="0" timestamp="2024-02-19T23:57:00 PST">
  <testcase classname="com.tekarch.POM.base.BaseTest" name="@AfterMethod tearDownAfterTestMethod" time="0.001">
    <failure type="java.lang.NullPointerException" message="Cannot invoke &amp;quot;org.openqa.selenium.WebDriver.close()&amp;quot; because &amp;quot;com.tekarch.POM.base.BaseTest.driver&amp;quot; is null">
      <![CDATA[java.lang.NullPointerException: Cannot invoke "org.openqa.selenium.WebDriver.close()" because "com.tekarch.POM.base.BaseTest.driver" is null
at com.tekarch.POM.base.BaseTest.closeBrowser(BaseTest.java:105)
at com.tekarch.POM.base.BaseTest.tearDownAfterTestMethod(BaseTest.java:51)
at java.base/java.util.ArrayList.forEach(ArrayList.java:1511)
... Removed 32 stack frames]]>
    </failure>
  </testcase> <!-- @AfterMethod tearDownAfterTestMethod -->
  <testcase classname="com.tekarch.POM.base.BaseTest" name="@BeforeMethod setUpBeforeMethod" time="0.0">
    <skipped/>
  </testcase> <!-- @BeforeMethod setUpBeforeMethod -->
  <testcase classname="com.tekarch.POM.base.BaseTest" name="@AfterMethod tearDownAfterTestMethod" time="0.0">
    <skipped/>
  </testcase> <!-- @AfterMethod tearDownAfterTestMethod -->
  <testcase classname="com.tekarch.POM.base.BaseTest" name="@BeforeMethod setUpBeforeMethod" time="0.0">
    <skipped/>
  </testcase> <!-- @BeforeMethod setUpBeforeMethod -->
  <testcase classname="com.tekarch.POM.base.BaseTest" name="@AfterMethod tearDownAfterTestMethod" time="0.0">
    <skipped/>
  </testcase> <!-- @AfterMethod tearDownAfterTestMethod -->
  <testcase classname="com.tekarch.POM.base.BaseTest" name="@BeforeMethod setUpBeforeMethod" time="0.0">
    <skipped/>
  </testcase> <!-- @BeforeMethod setUpBeforeMethod -->
  <testcase classname="com.tekarch.POM.base.BaseTest" name="@AfterMethod tearDownAfterTestMethod" time="0.0">
    <skipped/>
  </testcase> <!-- @AfterMethod tearDownAfterTestMethod -->
  <testcase classname="com.tekarch.POM.base.BaseTest" name="@BeforeMethod setUpBeforeMethod" time="0.0">
    <skipped/>
  </testcase> <!-- @BeforeMethod setUpBeforeMethod -->
  <testcase classname="com.tekarch.POM.base.BaseTest" name="@AfterMethod tearDownAfterTestMethod" time="0.0">
    <skipped/>
  </testcase> <!-- @AfterMethod tearDownAfterTestMethod -->
  <testcase classname="com.tekarch.POM.automationTests.AutomationScriptsLogInTest" name="forgotPassword4a" time="13.94"/>
  <testcase classname="com.tekarch.POM.automationTests.AutomationScriptsLogInTest" name="forgotPassword4b" time="0.001">
    <skipped/>
  </testcase> <!-- forgotPassword4b -->
  <testcase classname="com.tekarch.POM.automationTests.AutomationScriptsLogInTest" name="loginErrorMessage1" time="0.0">
    <skipped/>
  </testcase> <!-- loginErrorMessage1 -->
  <testcase classname="com.tekarch.POM.automationTests.AutomationScriptsLogInTest" name="loginSalesforce2" time="0.0">
    <skipped/>
  </testcase> <!-- loginSalesforce2 -->
  <testcase classname="com.tekarch.POM.automationTests.AutomationScriptsLogInTest" name="rememberMe3" time="0.0">
    <skipped/>
  </testcase> <!-- rememberMe3 -->
</testsuite> <!-- RegressionTest -->
